#
# There is insufficient memory for the Java Runtime Environment to continue.
# Native memory allocation (mmap) failed to map 536870912 bytes for G1 virtual space
# Possible reasons:
#   The system is out of physical RAM or swap space
#   The process is running with CompressedOops enabled, and the Java Heap may be blocking the growth of the native heap
# Possible solutions:
#   Reduce memory load on the system
#   Increase physical memory or swap space
#   Check if swap backing store is full
#   Decrease Java heap size (-Xmx/-Xms)
#   Decrease number of Java threads
#   Decrease Java thread stack sizes (-Xss)
#   Set larger code cache with -XX:ReservedCodeCacheSize=
#   JVM is running with Zero Based Compressed Oops mode in which the Java heap is
#     placed in the first 32GB address space. The Java Heap base address is the
#     maximum limit for the native heap growth. Please use -XX:HeapBaseMinAddress
#     to set the Java Heap base and to place the Java Heap above 32GB virtual address.
# This output file may be truncated or incomplete.
#
#  Out of Memory Error (os_windows.cpp:3825), pid=20756, tid=20668
#
# JRE version:  (17.0.9+7) (build )
# Java VM: OpenJDK 64-Bit Server VM (17.0.9+7-b1087.9, mixed mode, sharing, tiered, compressed oops, compressed class ptrs, g1 gc, windows-amd64)
# No core dump will be written. Minidumps are not enabled by default on client versions of Windows
#

---------------  S U M M A R Y ------------

Command Line: git4idea.http.GitAskPassApp Username for 'https://github.com': 

Host: Intel(R) Core(TM) i9-9900K CPU @ 3.60GHz, 16 cores, 31G,  Windows 10 , 64 bit Build 19041 (10.0.19041.3636)
Time: Mon Mar 25 20:10:41 2024 W. Europe Standard Time elapsed time: 0.009950 seconds (0d 0h 0m 0s)

---------------  T H R E A D  ---------------

Current thread (0x000001af53230740):  JavaThread "Unknown thread" [_thread_in_vm, id=20668, stack(0x0000003d9d300000,0x0000003d9d400000)]

Stack: [0x0000003d9d300000,0x0000003d9d400000]
Native frames: (J=compiled Java code, j=interpreted, Vv=VM code, C=native code)
V  [jvm.dll+0x688349]
V  [jvm.dll+0x841bfa]
V  [jvm.dll+0x84383e]
V  [jvm.dll+0x843ea3]
V  [jvm.dll+0x24bdef]
V  [jvm.dll+0x6850f9]
V  [jvm.dll+0x67988a]
V  [jvm.dll+0x30cbfb]
V  [jvm.dll+0x3140a6]
V  [jvm.dll+0x363ede]
V  [jvm.dll+0x36410f]
V  [jvm.dll+0x2e29c8]
V  [jvm.dll+0x2e3934]
V  [jvm.dll+0x812771]
V  [jvm.dll+0x371d41]
V  [jvm.dll+0x7f12bc]
V  [jvm.dll+0x3f59cf]
V  [jvm.dll+0x3f7601]
C  [jli.dll+0x528f]
C  [ucrtbase.dll+0x21bb2]
C  [KERNEL32.DLL+0x17344]
C  [ntdll.dll+0x526b1]


---------------  P R O C E S S  ---------------

Threads class SMR info:
_java_thread_list=0x00007ffb3327df18, length=0, elements={
}

Java Threads: ( => current thread )

Other Threads:
  0x000001af532dcd20 GCTaskThread "GC Thread#0" [stack: 0x0000003d9d400000,0x0000003d9d500000] [id=20740]
  0x000001af532eec00 ConcurrentGCThread "G1 Main Marker" [stack: 0x0000003d9d500000,0x0000003d9d600000] [id=20400]
  0x000001af791b0e70 ConcurrentGCThread "G1 Conc#0" [stack: 0x0000003d9d600000,0x0000003d9d700000] [id=2140]

[error occurred during error reporting (printing all threads), id 0xc0000005, EXCEPTION_ACCESS_VIOLATION (0xc0000005) at pc=0x00007ffb32a33597]

VM state: not at safepoint (not fully initialized)

VM Mutex/Monitor currently owned by a thread:  ([mutex/lock_event])
[0x000001af5322b8e0] Heap_lock - owner thread: 0x000001af53230740

Heap address: 0x0000000601000000, size: 8176 MB, Compressed Oops mode: Zero based, Oop shift amount: 3

CDS archive(s) mapped at: [0x0000000000000000-0x0000000000000000-0x0000000000000000), size 0, SharedBaseAddress: 0x0000000800000000, ArchiveRelocationMode: 1.
Narrow klass base: 0x0000000000000000, Narrow klass shift: 0, Narrow klass range: 0x0

GC Precious Log:
<Empty>

Heap:
 garbage-first heap   total 0K, used 0K [0x0000000601000000, 0x0000000800000000)
  region size 4096K, 0 young (0K), 0 survivors (0K)
 Metaspace       used 0K, committed 0K, reserved 0K
  class space    used 0K, committed 0K, reserved 0K

Heap Regions: E=young(eden), S=young(survivor), O=old, HS=humongous(starts), HC=humongous(continues), CS=collection set, F=free, OA=open archive, CA=closed archive, TAMS=top-at-mark-start (previous, next)

Card table byte_map: [0x000001af67230000,0x000001af68230000] _byte_map_base: 0x000001af64228000

Marking Bits (Prev, Next): (CMBitMap*) 0x000001af532dd340, (CMBitMap*) 0x000001af532dd380
 Prev Bits: [0x000001af69230000, 0x000001af711f0000)
 Next Bits: [0x000001af711f0000, 0x000001af791b0000)

GC Heap History (0 events):
No events

Dll operation events (1 events):
Event: 0.005 Loaded shared library C:\Program Files\JetBrains\IntelliJ IDEA Community Edition 2023.2.5\jbr\bin\java.dll

Deoptimization events (0 events):
No events

Classes unloaded (0 events):
No events

Classes redefined (0 events):
No events

Internal exceptions (0 events):
No events

VM Operations (0 events):
No events

Events (0 events):
No events


Dynamic libraries:
0x00007ff78c2d0000 - 0x00007ff78c2da000 	C:\Program Files\JetBrains\IntelliJ IDEA Community Edition 2023.2.5\jbr\bin\java.exe
0x00007ffbad130000 - 0x00007ffbad328000 	C:\Windows\SYSTEM32\ntdll.dll
0x00007ffbacc50000 - 0x00007ffbacd0d000 	C:\Windows\System32\KERNEL32.DLL
0x00007ffbaad00000 - 0x00007ffbaaff6000 	C:\Windows\System32\KERNELBASE.dll
0x00007ffbaaaf0000 - 0x00007ffbaabf0000 	C:\Windows\System32\ucrtbase.dll
0x00007ffb9faa0000 - 0x00007ffb9fab7000 	C:\Program Files\JetBrains\IntelliJ IDEA Community Edition 2023.2.5\jbr\bin\jli.dll
0x00007ffb36b50000 - 0x00007ffb36b6b000 	C:\Program Files\JetBrains\IntelliJ IDEA Community Edition 2023.2.5\jbr\bin\VCRUNTIME140.dll
0x00007ffbac730000 - 0x00007ffbac8ce000 	C:\Windows\System32\USER32.dll
0x00007ffb9bcb0000 - 0x00007ffb9bf4a000 	C:\Windows\WinSxS\amd64_microsoft.windows.common-controls_6595b64144ccf1df_6.0.19041.3636_none_60b6a03d71f818d5\COMCTL32.dll
0x00007ffbaa870000 - 0x00007ffbaa892000 	C:\Windows\System32\win32u.dll
0x00007ffbacde0000 - 0x00007ffbace0b000 	C:\Windows\System32\GDI32.dll
0x00007ffbab160000 - 0x00007ffbab1fe000 	C:\Windows\System32\msvcrt.dll
0x00007ffbaa920000 - 0x00007ffbaaa37000 	C:\Windows\System32\gdi32full.dll
0x00007ffbaabf0000 - 0x00007ffbaac8d000 	C:\Windows\System32\msvcp_win.dll
0x00007ffbacc10000 - 0x00007ffbacc42000 	C:\Windows\System32\IMM32.DLL
0x00007ffb6e0c0000 - 0x00007ffb6e0cc000 	C:\Program Files\JetBrains\IntelliJ IDEA Community Edition 2023.2.5\jbr\bin\vcruntime140_1.dll
0x00007ffb333e0000 - 0x00007ffb3346d000 	C:\Program Files\JetBrains\IntelliJ IDEA Community Edition 2023.2.5\jbr\bin\msvcp140.dll
0x00007ffb32740000 - 0x00007ffb333c2000 	C:\Program Files\JetBrains\IntelliJ IDEA Community Edition 2023.2.5\jbr\bin\server\jvm.dll
0x00007ffbabbb0000 - 0x00007ffbabc60000 	C:\Windows\System32\ADVAPI32.dll
0x00007ffbac200000 - 0x00007ffbac2a0000 	C:\Windows\System32\sechost.dll
0x00007ffbac990000 - 0x00007ffbacab5000 	C:\Windows\System32\RPCRT4.dll
0x00007ffbaa8a0000 - 0x00007ffbaa8c7000 	C:\Windows\System32\bcrypt.dll
0x00007ffba9cf0000 - 0x00007ffba9d3b000 	C:\Windows\SYSTEM32\POWRPROF.dll
0x00007ffb96640000 - 0x00007ffb96649000 	C:\Windows\SYSTEM32\WSOCK32.dll
0x00007ffba1d70000 - 0x00007ffba1d97000 	C:\Windows\SYSTEM32\WINMM.dll
0x00007ffba2c20000 - 0x00007ffba2c2a000 	C:\Windows\SYSTEM32\VERSION.dll
0x00007ffbac360000 - 0x00007ffbac3cb000 	C:\Windows\System32\WS2_32.dll
0x00007ffba9bb0000 - 0x00007ffba9bc2000 	C:\Windows\SYSTEM32\UMPDC.dll
0x00007ffba8670000 - 0x00007ffba8682000 	C:\Windows\SYSTEM32\kernel.appcore.dll
0x00007ffb9ff50000 - 0x00007ffb9ff5a000 	C:\Program Files\JetBrains\IntelliJ IDEA Community Edition 2023.2.5\jbr\bin\jimage.dll
0x00007ffba0870000 - 0x00007ffba0a54000 	C:\Windows\SYSTEM32\DBGHELP.DLL
0x00007ffb97e90000 - 0x00007ffb97ec4000 	C:\Windows\SYSTEM32\dbgcore.DLL
0x00007ffbaa7e0000 - 0x00007ffbaa862000 	C:\Windows\System32\bcryptPrimitives.dll
0x00007ffb9ff20000 - 0x00007ffb9ff45000 	C:\Program Files\JetBrains\IntelliJ IDEA Community Edition 2023.2.5\jbr\bin\java.dll

dbghelp: loaded successfully - version: 4.0.5 - missing functions: none
symbol engine: initialized successfully - sym options: 0x614 - pdb path: .;C:\Program Files\JetBrains\IntelliJ IDEA Community Edition 2023.2.5\jbr\bin;C:\Windows\SYSTEM32;C:\Windows\WinSxS\amd64_microsoft.windows.common-controls_6595b64144ccf1df_6.0.19041.3636_none_60b6a03d71f818d5;C:\Program Files\JetBrains\IntelliJ IDEA Community Edition 2023.2.5\jbr\bin\server

VM Arguments:
java_command: git4idea.http.GitAskPassApp Username for 'https://github.com': 
java_class_path (initial): C:/Program Files/JetBrains/IntelliJ IDEA Community Edition 2023.2.5/plugins/vcs-git/lib/git4idea-rt.jar;C:/Program Files/JetBrains/IntelliJ IDEA Community Edition 2023.2.5/lib/externalProcess-rt.jar
Launcher Type: SUN_STANDARD

[Global flags]
     intx CICompilerCount                          = 12                                        {product} {ergonomic}
     uint ConcGCThreads                            = 3                                         {product} {ergonomic}
     uint G1ConcRefinementThreads                  = 13                                        {product} {ergonomic}
   size_t G1HeapRegionSize                         = 4194304                                   {product} {ergonomic}
    uintx GCDrainStackTargetSize                   = 64                                        {product} {ergonomic}
   size_t InitialHeapSize                          = 536870912                                 {product} {ergonomic}
   size_t MarkStackSize                            = 4194304                                   {product} {ergonomic}
   size_t MaxHeapSize                              = 8573157376                                {product} {ergonomic}
   size_t MinHeapDeltaBytes                        = 4194304                                   {product} {ergonomic}
   size_t MinHeapSize                              = 8388608                                   {product} {ergonomic}
    uintx NonNMethodCodeHeapSize                   = 7602480                                {pd product} {ergonomic}
    uintx NonProfiledCodeHeapSize                  = 122027880                              {pd product} {ergonomic}
    uintx ProfiledCodeHeapSize                     = 122027880                              {pd product} {ergonomic}
    uintx ReservedCodeCacheSize                    = 251658240                              {pd product} {ergonomic}
     bool SegmentedCodeCache                       = true                                      {product} {ergonomic}
   size_t SoftMaxHeapSize                          = 8573157376                             {manageable} {ergonomic}
     bool UseCompressedClassPointers               = true                           {product lp64_product} {ergonomic}
     bool UseCompressedOops                        = true                           {product lp64_product} {ergonomic}
     bool UseG1GC                                  = true                                      {product} {ergonomic}
     bool UseLargePagesIndividualAllocation        = false                                  {pd product} {ergonomic}

Logging:
Log output configuration:
 #0: stdout all=warning uptime,level,tags
 #1: stderr all=off uptime,level,tags

Environment Variables:
PATH=C:/Program Files/Git/mingw64/libexec/git-core;C:/Program Files/Git/mingw64/libexec/git-core;C:\Program Files\Git\mingw64\bin;C:\Program Files\Git\usr\bin;C:\Users\RAILGUN\bin;C:\Program Files\Common Files\Oracle\Java\javapath;c:\windows\system32;c:\windows;c:\windows\system32\wbem;c:\windows\system32\windowspowershell\v1.0\;c:\windows\system32\openssh\;c:\program files\nvidia corporation\nvidia nvdlisr;c:\programdata\chocolatey\bin;C:\Program Files (x86)\NVIDIA Corporation\PhysX\Common;C:\Program Files (x86)\Windows Kits\10\Windows Performance Toolkit\;C:\Program Files (x86)\Windows Kits\10\Microsoft Application Virtualization\Sequencer\;C:\Program Files\Git\cmd;C:\Program Files\Docker\Docker\resources\bin;C:\Users\RAILGUN\AppData\Local\Microsoft\WindowsApps;C:\Program Files\GPAC;C:\Program Files\GPAC;C:\Program Files\GPAC
USERNAME=RAILGUN
DISPLAY=:0.0
LC_ALL=en_US.UTF-8
TERM=xterm-256color
TMPDIR=C:\Users\RAILGUN\AppData\Local\Temp
OS=Windows_NT
PROCESSOR_IDENTIFIER=Intel64 Family 6 Model 158 Stepping 13, GenuineIntel
TMP=C:\Users\RAILGUN\AppData\Local\Temp
TEMP=C:\Users\RAILGUN\AppData\Local\Temp



Periodic native trim disabled

JNI global refs:
JNI global refs: 0, weak refs: 0

JNI global refs memory usage: 0, weak refs: 0

OOME stack traces (most recent first):
Classloader memory used:


---------------  S Y S T E M  ---------------

OS:
 Windows 10 , 64 bit Build 19041 (10.0.19041.3636)
OS uptime: 0 days 12:05 hours
Hyper-V role detected

CPU: total 16 (initial active 16) (8 cores per cpu, 2 threads per core) family 6 model 158 stepping 13 microcode 0xd6, cx8, cmov, fxsr, ht, mmx, 3dnowpref, sse, sse2, sse3, ssse3, sse4.1, sse4.2, popcnt, lzcnt, tsc, tscinvbit, avx, avx2, aes, erms, clmul, bmi1, bmi2, adx, fma, vzeroupper, clflush, clflushopt, hv
Processor Information for all 16 processors :
  Max Mhz: 3600, Current Mhz: 3600, Mhz Limit: 3600

Memory: 4k page, system-wide physical 32695M (10190M free)
TotalPageFile size 41143M (AvailPageFile size 297M)
current process WorkingSet (physical memory assigned to process): 10M, peak: 10M
current process commit charge ("private bytes"): 71M, peak: 583M

vm_info: OpenJDK 64-Bit Server VM (17.0.9+7-b1087.9) for windows-amd64 JRE (17.0.9+7-b1087.9), built on 2023-12-05 by "builduser" with MS VC++ 16.10 / 16.11 (VS2019)

END.
